<?xml version="1.0" encoding="UTF-8"?>
<!-- Generated by org.testng.reporters.JUnitXMLReporter -->
<testsuite ignored="0" hostname="DESKTOP-RFLLK8D" failures="4" tests="4" name="The Pink Foundry Test on Desktop Mac Safari Ventura" time="105.098" errors="0" timestamp="2023-12-06T18:48:45 IST">
  <testcase classname="lambdaTestcase.TPF_Desktop" name="verifyLoginTest" time="0.221">
    <failure type="org.openqa.selenium.NoSuchSessionException" message="Build info: version: &amp;apos;4.14.1&amp;apos;, revision: &amp;apos;03f8ede370&amp;apos;
System info: os.name: &amp;apos;Windows 11&amp;apos;, os.arch: &amp;apos;amd64&amp;apos;, os.version: &amp;apos;10.0&amp;apos;, java.version: &amp;apos;20.0.2&amp;apos;
Driver info: org.openqa.selenium.remote.RemoteWebDriver
Command: [QLQVK-V3HLC-OHGWI-YHYMN, get {url=https://www.thepinkfoundry.com/}]
Capabilities {acceptInsecureCerts: false, browserName: safari, browserVersion: 16.0, platformName: macOS 13.0, safari:automaticInspection: false, safari:automaticProfiling: false, safari:diagnose: false, safari:platformBuildVersion: 22A380, safari:platformVersion: ventura, safari:useSimulator: false, setWindowRect: true, strictFileInteractability: false, webdriver.remote.sessionid: QLQVK-V3HLC-OHGWI-YHYMN, webkit:WebRTC: {DisableICECandidateFiltering: false, DisableInsecureMediaCapture: false}}
Session ID: QLQVK-V3HLC-OHGWI-YHYMN">
      <![CDATA[org.openqa.selenium.NoSuchSessionException: Build info: version: '4.14.1', revision: '03f8ede370'
System info: os.name: 'Windows 11', os.arch: 'amd64', os.version: '10.0', java.version: '20.0.2'
Driver info: org.openqa.selenium.remote.RemoteWebDriver
Command: [QLQVK-V3HLC-OHGWI-YHYMN, get {url=https://www.thepinkfoundry.com/}]
Capabilities {acceptInsecureCerts: false, browserName: safari, browserVersion: 16.0, platformName: macOS 13.0, safari:automaticInspection: false, safari:automaticProfiling: false, safari:diagnose: false, safari:platformBuildVersion: 22A380, safari:platformVersion: ventura, safari:useSimulator: false, setWindowRect: true, strictFileInteractability: false, webdriver.remote.sessionid: QLQVK-V3HLC-OHGWI-YHYMN, webkit:WebRTC: {DisableICECandidateFiltering: false, DisableInsecureMediaCapture: false}}
Session ID: QLQVK-V3HLC-OHGWI-YHYMN
at org.openqa.selenium.remote.codec.w3c.W3CHttpResponseCodec.createException(W3CHttpResponseCodec.java:200)
at org.openqa.selenium.remote.codec.w3c.W3CHttpResponseCodec.decode(W3CHttpResponseCodec.java:133)
at org.openqa.selenium.remote.codec.w3c.W3CHttpResponseCodec.decode(W3CHttpResponseCodec.java:52)
at org.openqa.selenium.remote.HttpCommandExecutor.execute(HttpCommandExecutor.java:191)
at org.openqa.selenium.remote.TracedCommandExecutor.execute(TracedCommandExecutor.java:51)
at org.openqa.selenium.remote.RemoteWebDriver.execute(RemoteWebDriver.java:602)
at org.openqa.selenium.remote.RemoteWebDriver.get(RemoteWebDriver.java:304)
at lambdaTestcase.TPF_Desktop.verifyLoginTest(TPF_Desktop.java:23)
at java.base/java.util.ArrayList.forEach(ArrayList.java:1511)
... Removed 28 stack frames]]>
    </failure>
  </testcase> <!-- verifyLoginTest -->
  <testcase classname="lambdaTestcase.TPF_Desktop" name="guestUserJourneyTest" time="0.318">
    <failure type="org.openqa.selenium.NoSuchSessionException" message="Build info: version: &amp;apos;4.14.1&amp;apos;, revision: &amp;apos;03f8ede370&amp;apos;
System info: os.name: &amp;apos;Windows 11&amp;apos;, os.arch: &amp;apos;amd64&amp;apos;, os.version: &amp;apos;10.0&amp;apos;, java.version: &amp;apos;20.0.2&amp;apos;
Driver info: org.openqa.selenium.remote.RemoteWebDriver
Command: [GDPNM-H9Y8G-4CS37-3SRSL, get {url=https://www.thepinkfoundry.com/}]
Capabilities {acceptInsecureCerts: false, browserName: safari, browserVersion: 16.0, platformName: macOS 13.0, safari:automaticInspection: false, safari:automaticProfiling: false, safari:diagnose: false, safari:platformBuildVersion: 22A380, safari:platformVersion: ventura, safari:useSimulator: false, setWindowRect: true, strictFileInteractability: false, webdriver.remote.sessionid: GDPNM-H9Y8G-4CS37-3SRSL, webkit:WebRTC: {DisableICECandidateFiltering: false, DisableInsecureMediaCapture: false}}
Session ID: GDPNM-H9Y8G-4CS37-3SRSL">
      <![CDATA[org.openqa.selenium.NoSuchSessionException: Build info: version: '4.14.1', revision: '03f8ede370'
System info: os.name: 'Windows 11', os.arch: 'amd64', os.version: '10.0', java.version: '20.0.2'
Driver info: org.openqa.selenium.remote.RemoteWebDriver
Command: [GDPNM-H9Y8G-4CS37-3SRSL, get {url=https://www.thepinkfoundry.com/}]
Capabilities {acceptInsecureCerts: false, browserName: safari, browserVersion: 16.0, platformName: macOS 13.0, safari:automaticInspection: false, safari:automaticProfiling: false, safari:diagnose: false, safari:platformBuildVersion: 22A380, safari:platformVersion: ventura, safari:useSimulator: false, setWindowRect: true, strictFileInteractability: false, webdriver.remote.sessionid: GDPNM-H9Y8G-4CS37-3SRSL, webkit:WebRTC: {DisableICECandidateFiltering: false, DisableInsecureMediaCapture: false}}
Session ID: GDPNM-H9Y8G-4CS37-3SRSL
at org.openqa.selenium.remote.codec.w3c.W3CHttpResponseCodec.createException(W3CHttpResponseCodec.java:200)
at org.openqa.selenium.remote.codec.w3c.W3CHttpResponseCodec.decode(W3CHttpResponseCodec.java:133)
at org.openqa.selenium.remote.codec.w3c.W3CHttpResponseCodec.decode(W3CHttpResponseCodec.java:52)
at org.openqa.selenium.remote.HttpCommandExecutor.execute(HttpCommandExecutor.java:191)
at org.openqa.selenium.remote.TracedCommandExecutor.execute(TracedCommandExecutor.java:51)
at org.openqa.selenium.remote.RemoteWebDriver.execute(RemoteWebDriver.java:602)
at org.openqa.selenium.remote.RemoteWebDriver.get(RemoteWebDriver.java:304)
at lambdaTestcase.TPF_Desktop.guestUserJourneyTest(TPF_Desktop.java:79)
at java.base/java.util.ArrayList.forEach(ArrayList.java:1511)
... Removed 28 stack frames]]>
    </failure>
  </testcase> <!-- guestUserJourneyTest -->
  <testcase classname="lambdaTestcase.TPF_Desktop" name="registeredUserJourneyTest" time="0.226">
    <failure type="org.openqa.selenium.NoSuchSessionException" message="Build info: version: &amp;apos;4.14.1&amp;apos;, revision: &amp;apos;03f8ede370&amp;apos;
System info: os.name: &amp;apos;Windows 11&amp;apos;, os.arch: &amp;apos;amd64&amp;apos;, os.version: &amp;apos;10.0&amp;apos;, java.version: &amp;apos;20.0.2&amp;apos;
Driver info: org.openqa.selenium.remote.RemoteWebDriver
Command: [PUHSA-ISGRQ-GAD9P-XGHOL, get {url=https://www.thepinkfoundry.com/}]
Capabilities {acceptInsecureCerts: false, browserName: safari, browserVersion: 16.0, platformName: macOS 13.0, safari:automaticInspection: false, safari:automaticProfiling: false, safari:diagnose: false, safari:platformBuildVersion: 22A380, safari:platformVersion: ventura, safari:useSimulator: false, setWindowRect: true, strictFileInteractability: false, webdriver.remote.sessionid: PUHSA-ISGRQ-GAD9P-XGHOL, webkit:WebRTC: {DisableICECandidateFiltering: false, DisableInsecureMediaCapture: false}}
Session ID: PUHSA-ISGRQ-GAD9P-XGHOL">
      <![CDATA[org.openqa.selenium.NoSuchSessionException: Build info: version: '4.14.1', revision: '03f8ede370'
System info: os.name: 'Windows 11', os.arch: 'amd64', os.version: '10.0', java.version: '20.0.2'
Driver info: org.openqa.selenium.remote.RemoteWebDriver
Command: [PUHSA-ISGRQ-GAD9P-XGHOL, get {url=https://www.thepinkfoundry.com/}]
Capabilities {acceptInsecureCerts: false, browserName: safari, browserVersion: 16.0, platformName: macOS 13.0, safari:automaticInspection: false, safari:automaticProfiling: false, safari:diagnose: false, safari:platformBuildVersion: 22A380, safari:platformVersion: ventura, safari:useSimulator: false, setWindowRect: true, strictFileInteractability: false, webdriver.remote.sessionid: PUHSA-ISGRQ-GAD9P-XGHOL, webkit:WebRTC: {DisableICECandidateFiltering: false, DisableInsecureMediaCapture: false}}
Session ID: PUHSA-ISGRQ-GAD9P-XGHOL
at org.openqa.selenium.remote.codec.w3c.W3CHttpResponseCodec.createException(W3CHttpResponseCodec.java:200)
at org.openqa.selenium.remote.codec.w3c.W3CHttpResponseCodec.decode(W3CHttpResponseCodec.java:133)
at org.openqa.selenium.remote.codec.w3c.W3CHttpResponseCodec.decode(W3CHttpResponseCodec.java:52)
at org.openqa.selenium.remote.HttpCommandExecutor.execute(HttpCommandExecutor.java:191)
at org.openqa.selenium.remote.TracedCommandExecutor.execute(TracedCommandExecutor.java:51)
at org.openqa.selenium.remote.RemoteWebDriver.execute(RemoteWebDriver.java:602)
at org.openqa.selenium.remote.RemoteWebDriver.get(RemoteWebDriver.java:304)
at lambdaTestcase.TPF_Desktop.registeredUserJourneyTest(TPF_Desktop.java:133)
at java.base/java.util.ArrayList.forEach(ArrayList.java:1511)
... Removed 28 stack frames]]>
    </failure>
  </testcase> <!-- registeredUserJourneyTest -->
  <testcase classname="lambdaTestcase.TPF_Desktop" name="soldOutProductTest" time="0.204">
    <failure type="org.openqa.selenium.NoSuchSessionException" message="Build info: version: &amp;apos;4.14.1&amp;apos;, revision: &amp;apos;03f8ede370&amp;apos;
System info: os.name: &amp;apos;Windows 11&amp;apos;, os.arch: &amp;apos;amd64&amp;apos;, os.version: &amp;apos;10.0&amp;apos;, java.version: &amp;apos;20.0.2&amp;apos;
Driver info: org.openqa.selenium.remote.RemoteWebDriver
Command: [FWAX0-HKENZ-JYDD1-EY7SB, get {url=https://www.thepinkfoundry.com/}]
Capabilities {acceptInsecureCerts: false, browserName: safari, browserVersion: 16.0, platformName: macOS 13.0, safari:automaticInspection: false, safari:automaticProfiling: false, safari:diagnose: false, safari:platformBuildVersion: 22A380, safari:platformVersion: ventura, safari:useSimulator: false, setWindowRect: true, strictFileInteractability: false, webdriver.remote.sessionid: FWAX0-HKENZ-JYDD1-EY7SB, webkit:WebRTC: {DisableICECandidateFiltering: false, DisableInsecureMediaCapture: false}}
Session ID: FWAX0-HKENZ-JYDD1-EY7SB">
      <![CDATA[org.openqa.selenium.NoSuchSessionException: Build info: version: '4.14.1', revision: '03f8ede370'
System info: os.name: 'Windows 11', os.arch: 'amd64', os.version: '10.0', java.version: '20.0.2'
Driver info: org.openqa.selenium.remote.RemoteWebDriver
Command: [FWAX0-HKENZ-JYDD1-EY7SB, get {url=https://www.thepinkfoundry.com/}]
Capabilities {acceptInsecureCerts: false, browserName: safari, browserVersion: 16.0, platformName: macOS 13.0, safari:automaticInspection: false, safari:automaticProfiling: false, safari:diagnose: false, safari:platformBuildVersion: 22A380, safari:platformVersion: ventura, safari:useSimulator: false, setWindowRect: true, strictFileInteractability: false, webdriver.remote.sessionid: FWAX0-HKENZ-JYDD1-EY7SB, webkit:WebRTC: {DisableICECandidateFiltering: false, DisableInsecureMediaCapture: false}}
Session ID: FWAX0-HKENZ-JYDD1-EY7SB
at org.openqa.selenium.remote.codec.w3c.W3CHttpResponseCodec.createException(W3CHttpResponseCodec.java:200)
at org.openqa.selenium.remote.codec.w3c.W3CHttpResponseCodec.decode(W3CHttpResponseCodec.java:133)
at org.openqa.selenium.remote.codec.w3c.W3CHttpResponseCodec.decode(W3CHttpResponseCodec.java:52)
at org.openqa.selenium.remote.HttpCommandExecutor.execute(HttpCommandExecutor.java:191)
at org.openqa.selenium.remote.TracedCommandExecutor.execute(TracedCommandExecutor.java:51)
at org.openqa.selenium.remote.RemoteWebDriver.execute(RemoteWebDriver.java:602)
at org.openqa.selenium.remote.RemoteWebDriver.get(RemoteWebDriver.java:304)
at lambdaTestcase.TPF_Desktop.soldOutProductTest(TPF_Desktop.java:216)
at java.base/java.util.ArrayList.forEach(ArrayList.java:1511)
... Removed 28 stack frames]]>
    </failure>
  </testcase> <!-- soldOutProductTest -->
</testsuite> <!-- The Pink Foundry Test on Desktop Mac Safari Ventura -->
