<?xml version="1.0" encoding="UTF-8"?>
<!-- Generated by org.testng.reporters.JUnitXMLReporter -->
<testsuite ignored="0" hostname="DESKTOP-RFLLK8D" failures="4" tests="4" name="The Pink Foundary Test on Desktop Edge" time="551.544" errors="0" timestamp="2023-12-04T13:24:40 IST">
  <testcase classname="BrowserStack.ThePinkFoundryTest" name="verifyLoginTest" time="173.481">
    <failure type="org.openqa.selenium.remote.UnreachableBrowserException" message="Error communicating with the remote browser. It may have died.
Build info: version: &amp;apos;4.14.1&amp;apos;, revision: &amp;apos;03f8ede370&amp;apos;
System info: os.name: &amp;apos;Windows 11&amp;apos;, os.arch: &amp;apos;amd64&amp;apos;, os.version: &amp;apos;10.0&amp;apos;, java.version: &amp;apos;20.0.2&amp;apos;
Driver info: org.openqa.selenium.remote.RemoteWebDriver
Command: [5ada997caa1438a9f1b1a68e904e4a8aa125cbf1, get [url]]
Capabilities {acceptInsecureCerts: false, browserName: Safari, browserVersion: 16.5.1, platformName: mac, safari:automaticInspection: false, safari:automaticProfiling: false, safari:diagnose: false, safari:platformBuildVersion: 22F82, safari:platformVersion: 13.4.1, safari:useSimulator: false, setWindowRect: true, strictFileInteractability: false, webdriver.remote.sessionid: 5ada997caa1438a9f1b1a68e904..., webkit:WebRTC: {DisableICECandidateFiltering: false, DisableInsecureMediaCapture: false}}
Session ID: 5ada997caa1438a9f1b1a68e904e4a8aa125cbf1">
      <![CDATA[org.openqa.selenium.remote.UnreachableBrowserException: Error communicating with the remote browser. It may have died.
Build info: version: '4.14.1', revision: '03f8ede370'
System info: os.name: 'Windows 11', os.arch: 'amd64', os.version: '10.0', java.version: '20.0.2'
Driver info: org.openqa.selenium.remote.RemoteWebDriver
Command: [5ada997caa1438a9f1b1a68e904e4a8aa125cbf1, get [url]]
Capabilities {acceptInsecureCerts: false, browserName: Safari, browserVersion: 16.5.1, platformName: mac, safari:automaticInspection: false, safari:automaticProfiling: false, safari:diagnose: false, safari:platformBuildVersion: 22F82, safari:platformVersion: 13.4.1, safari:useSimulator: false, setWindowRect: true, strictFileInteractability: false, webdriver.remote.sessionid: 5ada997caa1438a9f1b1a68e904..., webkit:WebRTC: {DisableICECandidateFiltering: false, DisableInsecureMediaCapture: false}}
Session ID: 5ada997caa1438a9f1b1a68e904e4a8aa125cbf1
at org.openqa.selenium.remote.RemoteWebDriver.execute(RemoteWebDriver.java:629)
at org.openqa.selenium.remote.RemoteWebDriver.get(RemoteWebDriver.java:304)
at BrowserStack.ThePinkFoundryTest.verifyLoginTest(ThePinkFoundryTest.java:102)
at java.base/java.util.ArrayList.forEach(ArrayList.java:1511)
Caused by: java.io.UncheckedIOException: java.io.IOException: chunked transfer encoding, state: READING_LENGTH
at org.openqa.selenium.remote.http.jdk.JdkHttpClient.execute0(JdkHttpClient.java:443)
at org.openqa.selenium.remote.http.AddSeleniumUserAgent.lambda$apply$0(AddSeleniumUserAgent.java:42)
at org.openqa.selenium.remote.http.Filter.lambda$andFinally$1(Filter.java:55)
at org.openqa.selenium.remote.http.jdk.JdkHttpClient.execute(JdkHttpClient.java:359)
at org.openqa.selenium.remote.tracing.TracedHttpClient.execute(TracedHttpClient.java:54)
at org.openqa.selenium.remote.HttpCommandExecutor.execute(HttpCommandExecutor.java:188)
at org.openqa.selenium.remote.TracedCommandExecutor.execute(TracedCommandExecutor.java:51)
at org.openqa.selenium.remote.RemoteWebDriver.execute(RemoteWebDriver.java:602)
... 28 more
Caused by: java.io.IOException: chunked transfer encoding, state: READING_LENGTH
at java.net.http/jdk.internal.net.http.common.Utils.wrapWithExtraDetail(Utils.java:351)
at java.net.http/jdk.internal.net.http.Http1Response$BodyReader.onReadError(Http1Response.java:660)
at java.net.http/jdk.internal.net.http.Http1AsyncReceiver.checkForErrors(Http1AsyncReceiver.java:302)
at java.net.http/jdk.internal.net.http.Http1AsyncReceiver.flush(Http1AsyncReceiver.java:268)
at java.net.http/jdk.internal.net.http.common.SequentialScheduler$LockingRestartableTask.run(SequentialScheduler.java:205)
at java.net.http/jdk.internal.net.http.common.SequentialScheduler$CompleteRestartableTask.run(SequentialScheduler.java:149)
at java.net.http/jdk.internal.net.http.common.SequentialScheduler$SchedulableTask.run(SequentialScheduler.java:230)
at java.base/java.util.concurrent.ThreadPoolExecutor.runWorker(ThreadPoolExecutor.java:1144)
at java.base/java.util.concurrent.ThreadPoolExecutor$Worker.run(ThreadPoolExecutor.java:642)
at java.base/java.lang.Thread.run(Thread.java:1623)
Caused by: java.io.IOException: connection closed locally
at java.net.http/jdk.internal.net.http.SocketTube.signalClosed(SocketTube.java:159)
at java.net.http/jdk.internal.net.http.PlainHttpConnection.close(PlainHttpConnection.java:405)
at java.net.http/jdk.internal.net.http.AsyncSSLConnection.close(AsyncSSLConnection.java:111)
at java.net.http/jdk.internal.net.http.Http1Exchange.cancelImpl(Http1Exchange.java:600)
at java.net.http/jdk.internal.net.http.Http1Exchange.cancel(Http1Exchange.java:515)
at java.net.http/jdk.internal.net.http.Exchange.cancel(Exchange.java:264)
at java.net.http/jdk.internal.net.http.MultiExchange.cancel(MultiExchange.java:261)
at java.net.http/jdk.internal.net.http.ResponseTimerEvent.handle(ResponseTimerEvent.java:71)
at java.net.http/jdk.internal.net.http.HttpClientImpl.purgeTimeoutsAndReturnNextDeadline(HttpClientImpl.java:1689)
at java.net.http/jdk.internal.net.http.HttpClientImpl$SelectorManager.run(HttpClientImpl.java:1299)
... Removed 25 stack frames]]>
    </failure>
  </testcase> <!-- verifyLoginTest -->
  <testcase classname="BrowserStack.ThePinkFoundryTest" name="guestUserJourneyTest" time="0.322">
    <failure type="org.openqa.selenium.NoSuchSessionException" message="Build info: version: &amp;apos;4.14.1&amp;apos;, revision: &amp;apos;03f8ede370&amp;apos;
System info: os.name: &amp;apos;Windows 11&amp;apos;, os.arch: &amp;apos;amd64&amp;apos;, os.version: &amp;apos;10.0&amp;apos;, java.version: &amp;apos;20.0.2&amp;apos;
Driver info: org.openqa.selenium.remote.RemoteWebDriver
Command: [f97b377404f1514957ea246f7e66a72e2bc764e9, get {url=https://www.thepinkfoundry.com/}]
Capabilities {acceptInsecureCerts: false, browserName: Safari, browserVersion: 16.5.1, platformName: mac, safari:automaticInspection: false, safari:automaticProfiling: false, safari:diagnose: false, safari:platformBuildVersion: 22F82, safari:platformVersion: 13.4.1, safari:useSimulator: false, setWindowRect: true, strictFileInteractability: false, webdriver.remote.sessionid: f97b377404f1514957ea246f7e6..., webkit:WebRTC: {DisableICECandidateFiltering: false, DisableInsecureMediaCapture: false}}
Session ID: f97b377404f1514957ea246f7e66a72e2bc764e9">
      <![CDATA[org.openqa.selenium.NoSuchSessionException: Build info: version: '4.14.1', revision: '03f8ede370'
System info: os.name: 'Windows 11', os.arch: 'amd64', os.version: '10.0', java.version: '20.0.2'
Driver info: org.openqa.selenium.remote.RemoteWebDriver
Command: [f97b377404f1514957ea246f7e66a72e2bc764e9, get {url=https://www.thepinkfoundry.com/}]
Capabilities {acceptInsecureCerts: false, browserName: Safari, browserVersion: 16.5.1, platformName: mac, safari:automaticInspection: false, safari:automaticProfiling: false, safari:diagnose: false, safari:platformBuildVersion: 22F82, safari:platformVersion: 13.4.1, safari:useSimulator: false, setWindowRect: true, strictFileInteractability: false, webdriver.remote.sessionid: f97b377404f1514957ea246f7e6..., webkit:WebRTC: {DisableICECandidateFiltering: false, DisableInsecureMediaCapture: false}}
Session ID: f97b377404f1514957ea246f7e66a72e2bc764e9
at org.openqa.selenium.remote.codec.w3c.W3CHttpResponseCodec.createException(W3CHttpResponseCodec.java:200)
at org.openqa.selenium.remote.codec.w3c.W3CHttpResponseCodec.decode(W3CHttpResponseCodec.java:133)
at org.openqa.selenium.remote.codec.w3c.W3CHttpResponseCodec.decode(W3CHttpResponseCodec.java:52)
at org.openqa.selenium.remote.HttpCommandExecutor.execute(HttpCommandExecutor.java:191)
at org.openqa.selenium.remote.TracedCommandExecutor.execute(TracedCommandExecutor.java:51)
at org.openqa.selenium.remote.RemoteWebDriver.execute(RemoteWebDriver.java:602)
at org.openqa.selenium.remote.RemoteWebDriver.get(RemoteWebDriver.java:304)
at BrowserStack.ThePinkFoundryTest.guestUserJourneyTest(ThePinkFoundryTest.java:110)
at java.base/java.util.ArrayList.forEach(ArrayList.java:1511)
... Removed 28 stack frames]]>
    </failure>
  </testcase> <!-- guestUserJourneyTest -->
  <testcase classname="BrowserStack.ThePinkFoundryTest" name="registeredUserJourneyTest" time="172.974">
    <failure type="org.openqa.selenium.remote.UnreachableBrowserException" message="Error communicating with the remote browser. It may have died.
Build info: version: &amp;apos;4.14.1&amp;apos;, revision: &amp;apos;03f8ede370&amp;apos;
System info: os.name: &amp;apos;Windows 11&amp;apos;, os.arch: &amp;apos;amd64&amp;apos;, os.version: &amp;apos;10.0&amp;apos;, java.version: &amp;apos;20.0.2&amp;apos;
Driver info: org.openqa.selenium.remote.RemoteWebDriver
Command: [b6bade06e1fca01a020b9c9491078f73d80d748d, get [url]]
Capabilities {acceptInsecureCerts: false, browserName: Safari, browserVersion: 16.5.1, platformName: mac, safari:automaticInspection: false, safari:automaticProfiling: false, safari:diagnose: false, safari:platformBuildVersion: 22F82, safari:platformVersion: 13.4.1, safari:useSimulator: false, setWindowRect: true, strictFileInteractability: false, webdriver.remote.sessionid: b6bade06e1fca01a020b9c94910..., webkit:WebRTC: {DisableICECandidateFiltering: false, DisableInsecureMediaCapture: false}}
Session ID: b6bade06e1fca01a020b9c9491078f73d80d748d">
      <![CDATA[org.openqa.selenium.remote.UnreachableBrowserException: Error communicating with the remote browser. It may have died.
Build info: version: '4.14.1', revision: '03f8ede370'
System info: os.name: 'Windows 11', os.arch: 'amd64', os.version: '10.0', java.version: '20.0.2'
Driver info: org.openqa.selenium.remote.RemoteWebDriver
Command: [b6bade06e1fca01a020b9c9491078f73d80d748d, get [url]]
Capabilities {acceptInsecureCerts: false, browserName: Safari, browserVersion: 16.5.1, platformName: mac, safari:automaticInspection: false, safari:automaticProfiling: false, safari:diagnose: false, safari:platformBuildVersion: 22F82, safari:platformVersion: 13.4.1, safari:useSimulator: false, setWindowRect: true, strictFileInteractability: false, webdriver.remote.sessionid: b6bade06e1fca01a020b9c94910..., webkit:WebRTC: {DisableICECandidateFiltering: false, DisableInsecureMediaCapture: false}}
Session ID: b6bade06e1fca01a020b9c9491078f73d80d748d
at org.openqa.selenium.remote.RemoteWebDriver.execute(RemoteWebDriver.java:629)
at org.openqa.selenium.remote.RemoteWebDriver.get(RemoteWebDriver.java:304)
at BrowserStack.ThePinkFoundryTest.registeredUserJourneyTest(ThePinkFoundryTest.java:118)
at java.base/java.util.ArrayList.forEach(ArrayList.java:1511)
Caused by: java.io.UncheckedIOException: java.io.IOException: chunked transfer encoding, state: READING_LENGTH
at org.openqa.selenium.remote.http.jdk.JdkHttpClient.execute0(JdkHttpClient.java:443)
at org.openqa.selenium.remote.http.AddSeleniumUserAgent.lambda$apply$0(AddSeleniumUserAgent.java:42)
at org.openqa.selenium.remote.http.Filter.lambda$andFinally$1(Filter.java:55)
at org.openqa.selenium.remote.http.jdk.JdkHttpClient.execute(JdkHttpClient.java:359)
at org.openqa.selenium.remote.tracing.TracedHttpClient.execute(TracedHttpClient.java:54)
at org.openqa.selenium.remote.HttpCommandExecutor.execute(HttpCommandExecutor.java:188)
at org.openqa.selenium.remote.TracedCommandExecutor.execute(TracedCommandExecutor.java:51)
at org.openqa.selenium.remote.RemoteWebDriver.execute(RemoteWebDriver.java:602)
... 28 more
Caused by: java.io.IOException: chunked transfer encoding, state: READING_LENGTH
at java.net.http/jdk.internal.net.http.common.Utils.wrapWithExtraDetail(Utils.java:351)
at java.net.http/jdk.internal.net.http.Http1Response$BodyReader.onReadError(Http1Response.java:660)
at java.net.http/jdk.internal.net.http.Http1AsyncReceiver.checkForErrors(Http1AsyncReceiver.java:302)
at java.net.http/jdk.internal.net.http.Http1AsyncReceiver.flush(Http1AsyncReceiver.java:268)
at java.net.http/jdk.internal.net.http.common.SequentialScheduler$LockingRestartableTask.run(SequentialScheduler.java:205)
at java.net.http/jdk.internal.net.http.common.SequentialScheduler$CompleteRestartableTask.run(SequentialScheduler.java:149)
at java.net.http/jdk.internal.net.http.common.SequentialScheduler$SchedulableTask.run(SequentialScheduler.java:230)
at java.base/java.util.concurrent.ThreadPoolExecutor.runWorker(ThreadPoolExecutor.java:1144)
at java.base/java.util.concurrent.ThreadPoolExecutor$Worker.run(ThreadPoolExecutor.java:642)
at java.base/java.lang.Thread.run(Thread.java:1623)
Caused by: java.io.IOException: connection closed locally
at java.net.http/jdk.internal.net.http.SocketTube.signalClosed(SocketTube.java:159)
at java.net.http/jdk.internal.net.http.PlainHttpConnection.close(PlainHttpConnection.java:405)
at java.net.http/jdk.internal.net.http.AsyncSSLConnection.close(AsyncSSLConnection.java:111)
at java.net.http/jdk.internal.net.http.Http1Exchange.cancelImpl(Http1Exchange.java:600)
at java.net.http/jdk.internal.net.http.Http1Exchange.cancel(Http1Exchange.java:515)
at java.net.http/jdk.internal.net.http.Exchange.cancel(Exchange.java:264)
at java.net.http/jdk.internal.net.http.MultiExchange.cancel(MultiExchange.java:261)
at java.net.http/jdk.internal.net.http.ResponseTimerEvent.handle(ResponseTimerEvent.java:71)
at java.net.http/jdk.internal.net.http.HttpClientImpl.purgeTimeoutsAndReturnNextDeadline(HttpClientImpl.java:1689)
at java.net.http/jdk.internal.net.http.HttpClientImpl$SelectorManager.run(HttpClientImpl.java:1299)
... Removed 25 stack frames]]>
    </failure>
  </testcase> <!-- registeredUserJourneyTest -->
  <testcase classname="BrowserStack.ThePinkFoundryTest" name="soldOutProductTest" time="176.329">
    <failure type="org.openqa.selenium.remote.UnreachableBrowserException" message="Error communicating with the remote browser. It may have died.
Build info: version: &amp;apos;4.14.1&amp;apos;, revision: &amp;apos;03f8ede370&amp;apos;
System info: os.name: &amp;apos;Windows 11&amp;apos;, os.arch: &amp;apos;amd64&amp;apos;, os.version: &amp;apos;10.0&amp;apos;, java.version: &amp;apos;20.0.2&amp;apos;
Driver info: org.openqa.selenium.remote.RemoteWebDriver
Command: [c70969743f8c8810ad0f4ee1e55a982c7ad8a97c, get [url]]
Capabilities {acceptInsecureCerts: false, browserName: Safari, browserVersion: 16.5.1, platformName: mac, safari:automaticInspection: false, safari:automaticProfiling: false, safari:diagnose: false, safari:platformBuildVersion: 22F82, safari:platformVersion: 13.4.1, safari:useSimulator: false, setWindowRect: true, strictFileInteractability: false, webdriver.remote.sessionid: c70969743f8c8810ad0f4ee1e55..., webkit:WebRTC: {DisableICECandidateFiltering: false, DisableInsecureMediaCapture: false}}
Session ID: c70969743f8c8810ad0f4ee1e55a982c7ad8a97c">
      <![CDATA[org.openqa.selenium.remote.UnreachableBrowserException: Error communicating with the remote browser. It may have died.
Build info: version: '4.14.1', revision: '03f8ede370'
System info: os.name: 'Windows 11', os.arch: 'amd64', os.version: '10.0', java.version: '20.0.2'
Driver info: org.openqa.selenium.remote.RemoteWebDriver
Command: [c70969743f8c8810ad0f4ee1e55a982c7ad8a97c, get [url]]
Capabilities {acceptInsecureCerts: false, browserName: Safari, browserVersion: 16.5.1, platformName: mac, safari:automaticInspection: false, safari:automaticProfiling: false, safari:diagnose: false, safari:platformBuildVersion: 22F82, safari:platformVersion: 13.4.1, safari:useSimulator: false, setWindowRect: true, strictFileInteractability: false, webdriver.remote.sessionid: c70969743f8c8810ad0f4ee1e55..., webkit:WebRTC: {DisableICECandidateFiltering: false, DisableInsecureMediaCapture: false}}
Session ID: c70969743f8c8810ad0f4ee1e55a982c7ad8a97c
at org.openqa.selenium.remote.RemoteWebDriver.execute(RemoteWebDriver.java:629)
at org.openqa.selenium.remote.RemoteWebDriver.get(RemoteWebDriver.java:304)
at BrowserStack.ThePinkFoundryTest.soldOutProductTest(ThePinkFoundryTest.java:127)
at java.base/java.util.ArrayList.forEach(ArrayList.java:1511)
Caused by: java.io.UncheckedIOException: java.io.IOException: chunked transfer encoding, state: READING_LENGTH
at org.openqa.selenium.remote.http.jdk.JdkHttpClient.execute0(JdkHttpClient.java:443)
at org.openqa.selenium.remote.http.AddSeleniumUserAgent.lambda$apply$0(AddSeleniumUserAgent.java:42)
at org.openqa.selenium.remote.http.Filter.lambda$andFinally$1(Filter.java:55)
at org.openqa.selenium.remote.http.jdk.JdkHttpClient.execute(JdkHttpClient.java:359)
at org.openqa.selenium.remote.tracing.TracedHttpClient.execute(TracedHttpClient.java:54)
at org.openqa.selenium.remote.HttpCommandExecutor.execute(HttpCommandExecutor.java:188)
at org.openqa.selenium.remote.TracedCommandExecutor.execute(TracedCommandExecutor.java:51)
at org.openqa.selenium.remote.RemoteWebDriver.execute(RemoteWebDriver.java:602)
... 28 more
Caused by: java.io.IOException: chunked transfer encoding, state: READING_LENGTH
at java.net.http/jdk.internal.net.http.common.Utils.wrapWithExtraDetail(Utils.java:351)
at java.net.http/jdk.internal.net.http.Http1Response$BodyReader.onReadError(Http1Response.java:660)
at java.net.http/jdk.internal.net.http.Http1AsyncReceiver.checkForErrors(Http1AsyncReceiver.java:302)
at java.net.http/jdk.internal.net.http.Http1AsyncReceiver.flush(Http1AsyncReceiver.java:268)
at java.net.http/jdk.internal.net.http.common.SequentialScheduler$LockingRestartableTask.run(SequentialScheduler.java:205)
at java.net.http/jdk.internal.net.http.common.SequentialScheduler$CompleteRestartableTask.run(SequentialScheduler.java:149)
at java.net.http/jdk.internal.net.http.common.SequentialScheduler$SchedulableTask.run(SequentialScheduler.java:230)
at java.base/java.util.concurrent.ThreadPoolExecutor.runWorker(ThreadPoolExecutor.java:1144)
at java.base/java.util.concurrent.ThreadPoolExecutor$Worker.run(ThreadPoolExecutor.java:642)
at java.base/java.lang.Thread.run(Thread.java:1623)
Caused by: java.io.IOException: connection closed locally
at java.net.http/jdk.internal.net.http.SocketTube.signalClosed(SocketTube.java:159)
at java.net.http/jdk.internal.net.http.PlainHttpConnection.close(PlainHttpConnection.java:405)
at java.net.http/jdk.internal.net.http.AsyncSSLConnection.close(AsyncSSLConnection.java:111)
at java.net.http/jdk.internal.net.http.Http1Exchange.cancelImpl(Http1Exchange.java:600)
at java.net.http/jdk.internal.net.http.Http1Exchange.cancel(Http1Exchange.java:515)
at java.net.http/jdk.internal.net.http.Exchange.cancel(Exchange.java:264)
at java.net.http/jdk.internal.net.http.MultiExchange.cancel(MultiExchange.java:261)
at java.net.http/jdk.internal.net.http.ResponseTimerEvent.handle(ResponseTimerEvent.java:71)
at java.net.http/jdk.internal.net.http.HttpClientImpl.purgeTimeoutsAndReturnNextDeadline(HttpClientImpl.java:1689)
at java.net.http/jdk.internal.net.http.HttpClientImpl$SelectorManager.run(HttpClientImpl.java:1299)
... Removed 25 stack frames]]>
    </failure>
  </testcase> <!-- soldOutProductTest -->
</testsuite> <!-- The Pink Foundary Test on Desktop Edge -->
