<?xml version="1.0" encoding="UTF-8"?>
<!-- Generated by org.testng.reporters.JUnitXMLReporter -->
<testsuite ignored="0" hostname="DESKTOP-RFLLK8D" failures="0" tests="4" name="The Pink Foundry Test on Desktop Edge" time="269.121" errors="0" timestamp="2023-12-06T18:43:27 IST">
  <testcase classname="lambdaTestcase.TPF_Desktop" name="verifyLoginTest" time="41.909"/>
  <testcase classname="lambdaTestcase.TPF_Desktop" name="guestUserJourneyTest" time="41.296"/>
  <testcase classname="lambdaTestcase.TPF_Desktop" name="registeredUserJourneyTest" time="69.434"/>
  <testcase classname="lambdaTestcase.TPF_Desktop" name="soldOutProductTest" time="12.499"/>
</testsuite> <!-- The Pink Foundry Test on Desktop Edge -->
