<?xml version="1.0" encoding="UTF-8"?>
<testng-results ignored="0" total="1" passed="1" failed="0" skipped="0">
  <reporter-output>
  </reporter-output>
  <suite started-at="2024-07-11T11:45:10 IST" name="Default suite" finished-at="2024-07-11T11:45:47 IST" duration-ms="37240">
    <groups>
    </groups>
    <test started-at="2024-07-11T11:45:10 IST" name="Default test" finished-at="2024-07-11T11:45:47 IST" duration-ms="37240">
      <class name="testcase.LoginTestTPF">
        <test-method signature="verifyLoginTestTPF()[pri:0, instance:testcase.LoginTestTPF@19932c16]" started-at="2024-07-11T11:45:10 IST" name="verifyLoginTestTPF" finished-at="2024-07-11T11:45:47 IST" duration-ms="37201" status="PASS">
          <reporter-output>
          </reporter-output>
        </test-method> <!-- verifyLoginTestTPF -->
      </class> <!-- testcase.LoginTestTPF -->
    </test> <!-- Default test -->
  </suite> <!-- Default suite -->
</testng-results>
